[10829:775:1201/202353.121373:INFO:CONSOLE(217)] "
%cStop! font-family:helvetica; font-size:20px; font-size:50px; font-weight:bold; color:red; -webkit-text-stroke:1px black;", source: https://static.xx.fbcdn.net/rsrc.php/v3/yI/r/I9O4O2-udxp.js?_nc_x=83Aosrb4sFJ (217)
[10829:775:1201/202353.121735:INFO:CONSOLE(217)] "
%cThis is a browser feature intended for developers. If someone told you to copy-paste something here to enable a Facebook feature or "hack" someone's account, it is a scam and will give them access to your Facebook account. font-family:helvetica; font-size:20px; ", source: https://static.xx.fbcdn.net/rsrc.php/v3/yI/r/I9O4O2-udxp.js?_nc_x=83Aosrb4sFJ (217)
[10829:775:1201/202353.121925:INFO:CONSOLE(217)] "
%cSee https://www.facebook.com/selfxss for more information. font-family:helvetica; font-size:20px; ", source: https://static.xx.fbcdn.net/rsrc.php/v3/yI/r/I9O4O2-udxp.js?_nc_x=83Aosrb4sFJ (217)
[10829:775:1201/202353.122653:INFO:CONSOLE(217)] "
%c ", source: https://static.xx.fbcdn.net/rsrc.php/v3/yI/r/I9O4O2-udxp.js?_nc_x=83Aosrb4sFJ (217)
[10829:775:1201/202358.026094:INFO:CONSOLE(217)] "
%cStop! font-family:helvetica; font-size:20px; font-size:50px; font-weight:bold; color:red; -webkit-text-stroke:1px black;", source: https://static.xx.fbcdn.net/rsrc.php/v3/yI/r/I9O4O2-udxp.js?_nc_x=83Aosrb4sFJ (217)
[10829:775:1201/202358.026402:INFO:CONSOLE(217)] "
%cThis is a browser feature intended for developers. If someone told you to copy-paste something here to enable a Facebook feature or "hack" someone's account, it is a scam and will give them access to your Facebook account. font-family:helvetica; font-size:20px; ", source: https://static.xx.fbcdn.net/rsrc.php/v3/yI/r/I9O4O2-udxp.js?_nc_x=83Aosrb4sFJ (217)
[10829:775:1201/202358.027055:INFO:CONSOLE(217)] "
%cSee https://www.facebook.com/selfxss for more information. font-family:helvetica; font-size:20px; ", source: https://static.xx.fbcdn.net/rsrc.php/v3/yI/r/I9O4O2-udxp.js?_nc_x=83Aosrb4sFJ (217)
[10829:775:1201/202358.027441:INFO:CONSOLE(217)] "
%c ", source: https://static.xx.fbcdn.net/rsrc.php/v3/yI/r/I9O4O2-udxp.js?_nc_x=83Aosrb4sFJ (217)
[10829:775:1201/202401.498674:INFO:CONSOLE(217)] "
%cStop! font-family:helvetica; font-size:20px; font-size:50px; font-weight:bold; color:red; -webkit-text-stroke:1px black;", source: https://static.xx.fbcdn.net/rsrc.php/v3/yI/r/I9O4O2-udxp.js?_nc_x=83Aosrb4sFJ (217)
[10829:775:1201/202401.499060:INFO:CONSOLE(217)] "
%cThis is a browser feature intended for developers. If someone told you to copy-paste something here to enable a Facebook feature or "hack" someone's account, it is a scam and will give them access to your Facebook account. font-family:helvetica; font-size:20px; ", source: https://static.xx.fbcdn.net/rsrc.php/v3/yI/r/I9O4O2-udxp.js?_nc_x=83Aosrb4sFJ (217)
[10829:775:1201/202401.499276:INFO:CONSOLE(217)] "
%cSee https://www.facebook.com/selfxss for more information. font-family:helvetica; font-size:20px; ", source: https://static.xx.fbcdn.net/rsrc.php/v3/yI/r/I9O4O2-udxp.js?_nc_x=83Aosrb4sFJ (217)
[10829:775:1201/202401.500299:INFO:CONSOLE(217)] "
%c ", source: https://static.xx.fbcdn.net/rsrc.php/v3/yI/r/I9O4O2-udxp.js?_nc_x=83Aosrb4sFJ (217)
[10829:775:1201/202405.059134:INFO:CONSOLE(217)] "
%cStop! font-family:helvetica; font-size:20px; font-size:50px; font-weight:bold; color:red; -webkit-text-stroke:1px black;", source: https://static.xx.fbcdn.net/rsrc.php/v3/yI/r/I9O4O2-udxp.js?_nc_x=83Aosrb4sFJ (217)
[10829:775:1201/202405.059534:INFO:CONSOLE(217)] "
%cThis is a browser feature intended for developers. If someone told you to copy-paste something here to enable a Facebook feature or "hack" someone's account, it is a scam and will give them access to your Facebook account. font-family:helvetica; font-size:20px; ", source: https://static.xx.fbcdn.net/rsrc.php/v3/yI/r/I9O4O2-udxp.js?_nc_x=83Aosrb4sFJ (217)
[10829:775:1201/202405.059702:INFO:CONSOLE(217)] "
%cSee https://www.facebook.com/selfxss for more information. font-family:helvetica; font-size:20px; ", source: https://static.xx.fbcdn.net/rsrc.php/v3/yI/r/I9O4O2-udxp.js?_nc_x=83Aosrb4sFJ (217)
[10829:775:1201/202405.059868:INFO:CONSOLE(217)] "
%c ", source: https://static.xx.fbcdn.net/rsrc.php/v3/yI/r/I9O4O2-udxp.js?_nc_x=83Aosrb4sFJ (217)
[10829:775:1201/202408.547122:INFO:CONSOLE(217)] "
%cStop! font-family:helvetica; font-size:20px; font-size:50px; font-weight:bold; color:red; -webkit-text-stroke:1px black;", source: https://static.xx.fbcdn.net/rsrc.php/v3/yI/r/I9O4O2-udxp.js?_nc_x=83Aosrb4sFJ (217)
[10829:775:1201/202408.548023:INFO:CONSOLE(217)] "
%cThis is a browser feature intended for developers. If someone told you to copy-paste something here to enable a Facebook feature or "hack" someone's account, it is a scam and will give them access to your Facebook account. font-family:helvetica; font-size:20px; ", source: https://static.xx.fbcdn.net/rsrc.php/v3/yI/r/I9O4O2-udxp.js?_nc_x=83Aosrb4sFJ (217)
[10829:775:1201/202408.548618:INFO:CONSOLE(217)] "
%cSee https://www.facebook.com/selfxss for more information. font-family:helvetica; font-size:20px; ", source: https://static.xx.fbcdn.net/rsrc.php/v3/yI/r/I9O4O2-udxp.js?_nc_x=83Aosrb4sFJ (217)
[10829:775:1201/202408.549212:INFO:CONSOLE(217)] "
%c ", source: https://static.xx.fbcdn.net/rsrc.php/v3/yI/r/I9O4O2-udxp.js?_nc_x=83Aosrb4sFJ (217)
[10829:775:1201/202412.494051:INFO:CONSOLE(217)] "
%cStop! font-family:helvetica; font-size:20px; font-size:50px; font-weight:bold; color:red; -webkit-text-stroke:1px black;", source: https://static.xx.fbcdn.net/rsrc.php/v3/yI/r/I9O4O2-udxp.js?_nc_x=83Aosrb4sFJ (217)
[10829:775:1201/202412.494308:INFO:CONSOLE(217)] "
%cThis is a browser feature intended for developers. If someone told you to copy-paste something here to enable a Facebook feature or "hack" someone's account, it is a scam and will give them access to your Facebook account. font-family:helvetica; font-size:20px; ", source: https://static.xx.fbcdn.net/rsrc.php/v3/yI/r/I9O4O2-udxp.js?_nc_x=83Aosrb4sFJ (217)
[10829:775:1201/202412.495066:INFO:CONSOLE(217)] "
%cSee https://www.facebook.com/selfxss for more information. font-family:helvetica; font-size:20px; ", source: https://static.xx.fbcdn.net/rsrc.php/v3/yI/r/I9O4O2-udxp.js?_nc_x=83Aosrb4sFJ (217)
[10829:775:1201/202412.510926:INFO:CONSOLE(217)] "
%c ", source: https://static.xx.fbcdn.net/rsrc.php/v3/yI/r/I9O4O2-udxp.js?_nc_x=83Aosrb4sFJ (217)
[10829:775:1201/202415.618974:INFO:CONSOLE(217)] "
%cStop! font-family:helvetica; font-size:20px; font-size:50px; font-weight:bold; color:red; -webkit-text-stroke:1px black;", source: https://static.xx.fbcdn.net/rsrc.php/v3/yI/r/I9O4O2-udxp.js?_nc_x=83Aosrb4sFJ (217)
[10829:775:1201/202415.619251:INFO:CONSOLE(217)] "
%cThis is a browser feature intended for developers. If someone told you to copy-paste something here to enable a Facebook feature or "hack" someone's account, it is a scam and will give them access to your Facebook account. font-family:helvetica; font-size:20px; ", source: https://static.xx.fbcdn.net/rsrc.php/v3/yI/r/I9O4O2-udxp.js?_nc_x=83Aosrb4sFJ (217)
[10829:775:1201/202415.619462:INFO:CONSOLE(217)] "
%cSee https://www.facebook.com/selfxss for more information. font-family:helvetica; font-size:20px; ", source: https://static.xx.fbcdn.net/rsrc.php/v3/yI/r/I9O4O2-udxp.js?_nc_x=83Aosrb4sFJ (217)
[10829:775:1201/202415.619651:INFO:CONSOLE(217)] "
%c ", source: https://static.xx.fbcdn.net/rsrc.php/v3/yI/r/I9O4O2-udxp.js?_nc_x=83Aosrb4sFJ (217)
[10829:775:1201/202418.907843:INFO:CONSOLE(217)] "
%cStop! font-family:helvetica; font-size:20px; font-size:50px; font-weight:bold; color:red; -webkit-text-stroke:1px black;", source: https://static.xx.fbcdn.net/rsrc.php/v3/yI/r/I9O4O2-udxp.js?_nc_x=83Aosrb4sFJ (217)
[10829:775:1201/202418.908543:INFO:CONSOLE(217)] "
%cThis is a browser feature intended for developers. If someone told you to copy-paste something here to enable a Facebook feature or "hack" someone's account, it is a scam and will give them access to your Facebook account. font-family:helvetica; font-size:20px; ", source: https://static.xx.fbcdn.net/rsrc.php/v3/yI/r/I9O4O2-udxp.js?_nc_x=83Aosrb4sFJ (217)
[10829:775:1201/202418.909065:INFO:CONSOLE(217)] "
%cSee https://www.facebook.com/selfxss for more information. font-family:helvetica; font-size:20px; ", source: https://static.xx.fbcdn.net/rsrc.php/v3/yI/r/I9O4O2-udxp.js?_nc_x=83Aosrb4sFJ (217)
[10829:775:1201/202418.909305:INFO:CONSOLE(217)] "
%c ", source: https://static.xx.fbcdn.net/rsrc.php/v3/yI/r/I9O4O2-udxp.js?_nc_x=83Aosrb4sFJ (217)
[10829:775:1201/202422.452630:INFO:CONSOLE(217)] "
%cStop! font-family:helvetica; font-size:20px; font-size:50px; font-weight:bold; color:red; -webkit-text-stroke:1px black;", source: https://static.xx.fbcdn.net/rsrc.php/v3/yI/r/I9O4O2-udxp.js?_nc_x=83Aosrb4sFJ (217)
[10829:775:1201/202422.452973:INFO:CONSOLE(217)] "
%cThis is a browser feature intended for developers. If someone told you to copy-paste something here to enable a Facebook feature or "hack" someone's account, it is a scam and will give them access to your Facebook account. font-family:helvetica; font-size:20px; ", source: https://static.xx.fbcdn.net/rsrc.php/v3/yI/r/I9O4O2-udxp.js?_nc_x=83Aosrb4sFJ (217)
[10829:775:1201/202422.453116:INFO:CONSOLE(217)] "
%cSee https://www.facebook.com/selfxss for more information. font-family:helvetica; font-size:20px; ", source: https://static.xx.fbcdn.net/rsrc.php/v3/yI/r/I9O4O2-udxp.js?_nc_x=83Aosrb4sFJ (217)
[10829:775:1201/202422.453480:INFO:CONSOLE(217)] "
%c ", source: https://static.xx.fbcdn.net/rsrc.php/v3/yI/r/I9O4O2-udxp.js?_nc_x=83Aosrb4sFJ (217)
[10829:775:1201/202425.968972:INFO:CONSOLE(217)] "
%cStop! font-family:helvetica; font-size:20px; font-size:50px; font-weight:bold; color:red; -webkit-text-stroke:1px black;", source: https://static.xx.fbcdn.net/rsrc.php/v3/yI/r/I9O4O2-udxp.js?_nc_x=83Aosrb4sFJ (217)
[10829:775:1201/202425.970311:INFO:CONSOLE(217)] "
%cThis is a browser feature intended for developers. If someone told you to copy-paste something here to enable a Facebook feature or "hack" someone's account, it is a scam and will give them access to your Facebook account. font-family:helvetica; font-size:20px; ", source: https://static.xx.fbcdn.net/rsrc.php/v3/yI/r/I9O4O2-udxp.js?_nc_x=83Aosrb4sFJ (217)
[10829:775:1201/202425.971006:INFO:CONSOLE(217)] "
%cSee https://www.facebook.com/selfxss for more information. font-family:helvetica; font-size:20px; ", source: https://static.xx.fbcdn.net/rsrc.php/v3/yI/r/I9O4O2-udxp.js?_nc_x=83Aosrb4sFJ (217)
[10829:775:1201/202425.971645:INFO:CONSOLE(217)] "
%c ", source: https://static.xx.fbcdn.net/rsrc.php/v3/yI/r/I9O4O2-udxp.js?_nc_x=83Aosrb4sFJ (217)
[10829:775:1201/202429.484572:INFO:CONSOLE(217)] "
%cStop! font-family:helvetica; font-size:20px; font-size:50px; font-weight:bold; color:red; -webkit-text-stroke:1px black;", source: https://static.xx.fbcdn.net/rsrc.php/v3/yI/r/I9O4O2-udxp.js?_nc_x=83Aosrb4sFJ (217)
[10829:775:1201/202429.485205:INFO:CONSOLE(217)] "
%cThis is a browser feature intended for developers. If someone told you to copy-paste something here to enable a Facebook feature or "hack" someone's account, it is a scam and will give them access to your Facebook account. font-family:helvetica; font-size:20px; ", source: https://static.xx.fbcdn.net/rsrc.php/v3/yI/r/I9O4O2-udxp.js?_nc_x=83Aosrb4sFJ (217)
[10829:775:1201/202429.485425:INFO:CONSOLE(217)] "
%cSee https://www.facebook.com/selfxss for more information. font-family:helvetica; font-size:20px; ", source: https://static.xx.fbcdn.net/rsrc.php/v3/yI/r/I9O4O2-udxp.js?_nc_x=83Aosrb4sFJ (217)
[10829:775:1201/202429.485831:INFO:CONSOLE(217)] "
%c ", source: https://static.xx.fbcdn.net/rsrc.php/v3/yI/r/I9O4O2-udxp.js?_nc_x=83Aosrb4sFJ (217)
[10829:775:1201/202432.828584:INFO:CONSOLE(217)] "
%cStop! font-family:helvetica; font-size:20px; font-size:50px; font-weight:bold; color:red; -webkit-text-stroke:1px black;", source: https://static.xx.fbcdn.net/rsrc.php/v3/yI/r/I9O4O2-udxp.js?_nc_x=83Aosrb4sFJ (217)
[10829:775:1201/202432.829122:INFO:CONSOLE(217)] "
%cThis is a browser feature intended for developers. If someone told you to copy-paste something here to enable a Facebook feature or "hack" someone's account, it is a scam and will give them access to your Facebook account. font-family:helvetica; font-size:20px; ", source: https://static.xx.fbcdn.net/rsrc.php/v3/yI/r/I9O4O2-udxp.js?_nc_x=83Aosrb4sFJ (217)
[10829:775:1201/202432.829424:INFO:CONSOLE(217)] "
%cSee https://www.facebook.com/selfxss for more information. font-family:helvetica; font-size:20px; ", source: https://static.xx.fbcdn.net/rsrc.php/v3/yI/r/I9O4O2-udxp.js?_nc_x=83Aosrb4sFJ (217)
[10829:775:1201/202432.829884:INFO:CONSOLE(217)] "
%c ", source: https://static.xx.fbcdn.net/rsrc.php/v3/yI/r/I9O4O2-udxp.js?_nc_x=83Aosrb4sFJ (217)
[10829:775:1201/202437.195122:INFO:CONSOLE(217)] "
%cStop! font-family:helvetica; font-size:20px; font-size:50px; font-weight:bold; color:red; -webkit-text-stroke:1px black;", source: https://static.xx.fbcdn.net/rsrc.php/v3/yI/r/I9O4O2-udxp.js?_nc_x=83Aosrb4sFJ (217)
[10829:775:1201/202437.195367:INFO:CONSOLE(217)] "
%cThis is a browser feature intended for developers. If someone told you to copy-paste something here to enable a Facebook feature or "hack" someone's account, it is a scam and will give them access to your Facebook account. font-family:helvetica; font-size:20px; ", source: https://static.xx.fbcdn.net/rsrc.php/v3/yI/r/I9O4O2-udxp.js?_nc_x=83Aosrb4sFJ (217)
[10829:775:1201/202437.195933:INFO:CONSOLE(217)] "
%cSee https://www.facebook.com/selfxss for more information. font-family:helvetica; font-size:20px; ", source: https://static.xx.fbcdn.net/rsrc.php/v3/yI/r/I9O4O2-udxp.js?_nc_x=83Aosrb4sFJ (217)
[10829:775:1201/202437.196136:INFO:CONSOLE(217)] "
%c ", source: https://static.xx.fbcdn.net/rsrc.php/v3/yI/r/I9O4O2-udxp.js?_nc_x=83Aosrb4sFJ (217)
[10829:775:1201/202441.118047:INFO:CONSOLE(217)] "
%cStop! font-family:helvetica; font-size:20px; font-size:50px; font-weight:bold; color:red; -webkit-text-stroke:1px black;", source: https://static.xx.fbcdn.net/rsrc.php/v3/yI/r/I9O4O2-udxp.js?_nc_x=83Aosrb4sFJ (217)
[10829:775:1201/202441.118307:INFO:CONSOLE(217)] "
%cThis is a browser feature intended for developers. If someone told you to copy-paste something here to enable a Facebook feature or "hack" someone's account, it is a scam and will give them access to your Facebook account. font-family:helvetica; font-size:20px; ", source: https://static.xx.fbcdn.net/rsrc.php/v3/yI/r/I9O4O2-udxp.js?_nc_x=83Aosrb4sFJ (217)
[10829:775:1201/202441.118652:INFO:CONSOLE(217)] "
%cSee https://www.facebook.com/selfxss for more information. font-family:helvetica; font-size:20px; ", source: https://static.xx.fbcdn.net/rsrc.php/v3/yI/r/I9O4O2-udxp.js?_nc_x=83Aosrb4sFJ (217)
[10829:775:1201/202441.118916:INFO:CONSOLE(217)] "
%c ", source: https://static.xx.fbcdn.net/rsrc.php/v3/yI/r/I9O4O2-udxp.js?_nc_x=83Aosrb4sFJ (217)
[10829:775:1201/202445.747399:INFO:CONSOLE(217)] "
%cStop! font-family:helvetica; font-size:20px; font-size:50px; font-weight:bold; color:red; -webkit-text-stroke:1px black;", source: https://static.xx.fbcdn.net/rsrc.php/v3/yI/r/I9O4O2-udxp.js?_nc_x=83Aosrb4sFJ (217)
[10829:775:1201/202445.747813:INFO:CONSOLE(217)] "
%cThis is a browser feature intended for developers. If someone told you to copy-paste something here to enable a Facebook feature or "hack" someone's account, it is a scam and will give them access to your Facebook account. font-family:helvetica; font-size:20px; ", source: https://static.xx.fbcdn.net/rsrc.php/v3/yI/r/I9O4O2-udxp.js?_nc_x=83Aosrb4sFJ (217)
[10829:775:1201/202445.769433:INFO:CONSOLE(217)] "
%cSee https://www.facebook.com/selfxss for more information. font-family:helvetica; font-size:20px; ", source: https://static.xx.fbcdn.net/rsrc.php/v3/yI/r/I9O4O2-udxp.js?_nc_x=83Aosrb4sFJ (217)
[10829:775:1201/202445.769701:INFO:CONSOLE(217)] "
%c ", source: https://static.xx.fbcdn.net/rsrc.php/v3/yI/r/I9O4O2-udxp.js?_nc_x=83Aosrb4sFJ (217)
[10829:775:1201/202448.370329:INFO:CONSOLE(217)] "
%cStop! font-family:helvetica; font-size:20px; font-size:50px; font-weight:bold; color:red; -webkit-text-stroke:1px black;", source: https://static.xx.fbcdn.net/rsrc.php/v3/yI/r/I9O4O2-udxp.js?_nc_x=83Aosrb4sFJ (217)
[10829:775:1201/202448.371277:INFO:CONSOLE(217)] "
%cThis is a browser feature intended for developers. If someone told you to copy-paste something here to enable a Facebook feature or "hack" someone's account, it is a scam and will give them access to your Facebook account. font-family:helvetica; font-size:20px; ", source: https://static.xx.fbcdn.net/rsrc.php/v3/yI/r/I9O4O2-udxp.js?_nc_x=83Aosrb4sFJ (217)
[10829:775:1201/202448.371910:INFO:CONSOLE(217)] "
%cSee https://www.facebook.com/selfxss for more information. font-family:helvetica; font-size:20px; ", source: https://static.xx.fbcdn.net/rsrc.php/v3/yI/r/I9O4O2-udxp.js?_nc_x=83Aosrb4sFJ (217)
[10829:775:1201/202448.382300:INFO:CONSOLE(217)] "
%c ", source: https://static.xx.fbcdn.net/rsrc.php/v3/yI/r/I9O4O2-udxp.js?_nc_x=83Aosrb4sFJ (217)
[10829:775:1201/202451.828788:INFO:CONSOLE(217)] "
%cStop! font-family:helvetica; font-size:20px; font-size:50px; font-weight:bold; color:red; -webkit-text-stroke:1px black;", source: https://static.xx.fbcdn.net/rsrc.php/v3/yI/r/I9O4O2-udxp.js?_nc_x=83Aosrb4sFJ (217)
[10829:775:1201/202451.829004:INFO:CONSOLE(217)] "
%cThis is a browser feature intended for developers. If someone told you to copy-paste something here to enable a Facebook feature or "hack" someone's account, it is a scam and will give them access to your Facebook account. font-family:helvetica; font-size:20px; ", source: https://static.xx.fbcdn.net/rsrc.php/v3/yI/r/I9O4O2-udxp.js?_nc_x=83Aosrb4sFJ (217)
[10829:775:1201/202451.829149:INFO:CONSOLE(217)] "
%cSee https://www.facebook.com/selfxss for more information. font-family:helvetica; font-size:20px; ", source: https://static.xx.fbcdn.net/rsrc.php/v3/yI/r/I9O4O2-udxp.js?_nc_x=83Aosrb4sFJ (217)
[10829:775:1201/202451.829273:INFO:CONSOLE(217)] "
%c ", source: https://static.xx.fbcdn.net/rsrc.php/v3/yI/r/I9O4O2-udxp.js?_nc_x=83Aosrb4sFJ (217)
[10829:775:1201/202455.658980:INFO:CONSOLE(217)] "
%cStop! font-family:helvetica; font-size:20px; font-size:50px; font-weight:bold; color:red; -webkit-text-stroke:1px black;", source: https://static.xx.fbcdn.net/rsrc.php/v3/yI/r/I9O4O2-udxp.js?_nc_x=83Aosrb4sFJ (217)
[10829:775:1201/202455.659768:INFO:CONSOLE(217)] "
%cThis is a browser feature intended for developers. If someone told you to copy-paste something here to enable a Facebook feature or "hack" someone's account, it is a scam and will give them access to your Facebook account. font-family:helvetica; font-size:20px; ", source: https://static.xx.fbcdn.net/rsrc.php/v3/yI/r/I9O4O2-udxp.js?_nc_x=83Aosrb4sFJ (217)
[10829:775:1201/202455.660022:INFO:CONSOLE(217)] "
%cSee https://www.facebook.com/selfxss for more information. font-family:helvetica; font-size:20px; ", source: https://static.xx.fbcdn.net/rsrc.php/v3/yI/r/I9O4O2-udxp.js?_nc_x=83Aosrb4sFJ (217)
[10829:775:1201/202455.660730:INFO:CONSOLE(217)] "
%c ", source: https://static.xx.fbcdn.net/rsrc.php/v3/yI/r/I9O4O2-udxp.js?_nc_x=83Aosrb4sFJ (217)
[10829:775:1201/202459.794228:INFO:CONSOLE(217)] "
%cStop! font-family:helvetica; font-size:20px; font-size:50px; font-weight:bold; color:red; -webkit-text-stroke:1px black;", source: https://static.xx.fbcdn.net/rsrc.php/v3/yI/r/I9O4O2-udxp.js?_nc_x=83Aosrb4sFJ (217)
[10829:775:1201/202459.794977:INFO:CONSOLE(217)] "
%cThis is a browser feature intended for developers. If someone told you to copy-paste something here to enable a Facebook feature or "hack" someone's account, it is a scam and will give them access to your Facebook account. font-family:helvetica; font-size:20px; ", source: https://static.xx.fbcdn.net/rsrc.php/v3/yI/r/I9O4O2-udxp.js?_nc_x=83Aosrb4sFJ (217)
[10829:775:1201/202459.796428:INFO:CONSOLE(217)] "
%cSee https://www.facebook.com/selfxss for more information. font-family:helvetica; font-size:20px; ", source: https://static.xx.fbcdn.net/rsrc.php/v3/yI/r/I9O4O2-udxp.js?_nc_x=83Aosrb4sFJ (217)
[10829:775:1201/202459.797816:INFO:CONSOLE(217)] "
%c ", source: https://static.xx.fbcdn.net/rsrc.php/v3/yI/r/I9O4O2-udxp.js?_nc_x=83Aosrb4sFJ (217)
[10829:775:1201/202503.991783:INFO:CONSOLE(217)] "
%cStop! font-family:helvetica; font-size:20px; font-size:50px; font-weight:bold; color:red; -webkit-text-stroke:1px black;", source: https://static.xx.fbcdn.net/rsrc.php/v3/yI/r/I9O4O2-udxp.js?_nc_x=83Aosrb4sFJ (217)
[10829:775:1201/202503.991992:INFO:CONSOLE(217)] "
%cThis is a browser feature intended for developers. If someone told you to copy-paste something here to enable a Facebook feature or "hack" someone's account, it is a scam and will give them access to your Facebook account. font-family:helvetica; font-size:20px; ", source: https://static.xx.fbcdn.net/rsrc.php/v3/yI/r/I9O4O2-udxp.js?_nc_x=83Aosrb4sFJ (217)
[10829:775:1201/202503.992456:INFO:CONSOLE(217)] "
%cSee https://www.facebook.com/selfxss for more information. font-family:helvetica; font-size:20px; ", source: https://static.xx.fbcdn.net/rsrc.php/v3/yI/r/I9O4O2-udxp.js?_nc_x=83Aosrb4sFJ (217)
[10829:775:1201/202503.992873:INFO:CONSOLE(217)] "
%c ", source: https://static.xx.fbcdn.net/rsrc.php/v3/yI/r/I9O4O2-udxp.js?_nc_x=83Aosrb4sFJ (217)
[10829:775:1201/202508.220293:INFO:CONSOLE(217)] "
%cStop! font-family:helvetica; font-size:20px; font-size:50px; font-weight:bold; color:red; -webkit-text-stroke:1px black;", source: https://static.xx.fbcdn.net/rsrc.php/v3/yI/r/I9O4O2-udxp.js?_nc_x=83Aosrb4sFJ (217)
[10829:775:1201/202508.220676:INFO:CONSOLE(217)] "
%cThis is a browser feature intended for developers. If someone told you to copy-paste something here to enable a Facebook feature or "hack" someone's account, it is a scam and will give them access to your Facebook account. font-family:helvetica; font-size:20px; ", source: https://static.xx.fbcdn.net/rsrc.php/v3/yI/r/I9O4O2-udxp.js?_nc_x=83Aosrb4sFJ (217)
[10829:775:1201/202508.221620:INFO:CONSOLE(217)] "
%cSee https://www.facebook.com/selfxss for more information. font-family:helvetica; font-size:20px; ", source: https://static.xx.fbcdn.net/rsrc.php/v3/yI/r/I9O4O2-udxp.js?_nc_x=83Aosrb4sFJ (217)
[10829:775:1201/202508.222040:INFO:CONSOLE(217)] "
%c ", source: https://static.xx.fbcdn.net/rsrc.php/v3/yI/r/I9O4O2-udxp.js?_nc_x=83Aosrb4sFJ (217)
[10829:775:1201/202525.224507:WARNING:pref_notifier_impl.cc(40)] Pref observer for media_router.cast_allow_all_ips found at shutdown.
